\BOOKMARK [0][-]{chapter.1}{\376\377\000\332\000v\000o\000d}{}
\BOOKMARK [0][-]{chapter.2}{\376\377\000R\000a\000d\000i\000o\000a\000m\000a\000t\000\351\001\131\000i}{}
\BOOKMARK [1][-]{section.2.1}{\376\377\000H\000i\000s\000t\000o\000r\000i\000e\000\040\000a\000m\000a\000t\000\351\000r\000s\000k\000\351\000h\000o\000\040\000r\000\341\000d\000i\000a}{chapter.2}
\BOOKMARK [1][-]{section.2.2}{\376\377\000A\000m\000a\000t\000\351\000r\000s\000k\000\351\000\040\000r\000\341\000d\000i\000o\000\040\000d\000n\000e\000s}{chapter.2}
\BOOKMARK [1][-]{section.2.3}{\376\377\000D\001\157\000l\000e\001\176\000i\000t\000\351\000\040\000p\000o\000j\000m\000y}{chapter.2}
\BOOKMARK [2][-]{subsection.2.3.1}{\376\377\000V\000o\000l\000a\000c\000\355\000\040\000z\000n\000a\001\015\000k\000a}{section.2.3}
\BOOKMARK [2][-]{subsection.2.3.2}{\376\377\000I\000T\000U\000\040\000z\000\363\000n\000y}{section.2.3}
\BOOKMARK [2][-]{subsection.2.3.3}{\376\377\000C\000Q\000\040\000z\000\363\000n\000y}{section.2.3}
\BOOKMARK [2][-]{subsection.2.3.4}{\376\377\000Q\000T\000H\000\040\000l\000o\000k\000\341\000t\000o\000r}{section.2.3}
\BOOKMARK [1][-]{section.2.4}{\376\377\000S\000l\000u\001\176\000b\000y\000\040\000p\000o\000u\001\176\000\355\000v\000a\000n\000\351\000\040\000r\000a\000d\000i\000o\000a\000m\000a\000t\000\351\000r\000y}{chapter.2}
\BOOKMARK [2][-]{subsection.2.4.1}{\376\377\000D\000X\000C\000l\000u\000s\000t\000e\000r}{section.2.4}
\BOOKMARK [2][-]{subsection.2.4.2}{\376\377\000Q\000R\000Z\000.\000c\000o\000m}{section.2.4}
\BOOKMARK [0][-]{chapter.3}{\376\377\000S\000o\000u\001\015\000a\000s\000n\000\375\000\040\000s\000t\000a\000v}{}
\BOOKMARK [1][-]{section.3.1}{\376\377\000L\000o\000g\000g\000e\000r\0003\0002}{chapter.3}
\BOOKMARK [1][-]{section.3.2}{\376\377\000C\000Q\000R\000L\000O\000G}{chapter.3}
\BOOKMARK [1][-]{section.3.3}{\376\377\000H\000A\000M\000\040\000R\000a\000d\000i\000o\000\040\000D\000e\000l\000u\000x\000e}{chapter.3}
\BOOKMARK [0][-]{chapter.4}{\376\377\000N\000\341\000v\000r\000h}{}
\BOOKMARK [1][-]{section.4.1}{\376\377\000N\000\341\000v\000r\000h\000\040\000k\000o\000m\000u\000n\000i\000k\000a\001\015\000n\000\355\000h\000o\000\040\000p\000r\000o\000t\000o\000k\000o\000l\000u}{chapter.4}
\BOOKMARK [2][-]{subsection.4.1.1}{\376\377\000U\000k\000\341\000z\000k\000y\000\040\000p\000o\000u\001\176\000i\000t\000\355\000\040\000p\000r\000o\000t\000o\000k\000o\000l\000u}{section.4.1}
\BOOKMARK [2][-]{subsection.4.1.2}{\376\377\000P\001\131\000i\000h\000l\000\341\001\141\000e\000n\000\355\000\040\000u\001\176\000i\000v\000a\000t\000e\000l\000e}{section.4.1}
\BOOKMARK [1][-]{section.4.2}{\376\377\000N\000\341\000v\000r\000h\000\040\000s\000e\000r\000v\000e\000r\000u}{chapter.4}
\BOOKMARK [2][-]{subsection.4.2.1}{\376\377\000M\000o\000d\000u\000l\000y}{section.4.2}
\BOOKMARK [2][-]{subsection.4.2.2}{\376\377\000D\000a\000t\000a\000b\000\341\000z\000e}{section.4.2}
\BOOKMARK [1][-]{section.4.3}{\376\377\000K\000l\000i\000e\000n\000t\000s\000k\000\341\000\040\000k\000n\000i\000h\000o\000v\000n\000a}{chapter.4}
\BOOKMARK [1][-]{section.4.4}{\376\377\000K\000l\000i\000e\000n\000t}{chapter.4}
\BOOKMARK [0][-]{chapter.5}{\376\377\000I\000m\000p\000l\000e\000m\000e\000n\000t\000a\000c\000e}{}
\BOOKMARK [1][-]{section.5.1}{\376\377\000S\000e\000r\000v\000e\000r\000o\000v\000\341\000\040\000a\000p\000l\000i\000k\000a\000c\000e}{chapter.5}
\BOOKMARK [2][-]{subsection.5.1.1}{\376\377\000D\000a\000t\000a\000b\000\341\000z\000o\000v\000\351\000\040\000r\000o\000z\000h\000r\000a\000n\000\355}{section.5.1}
\BOOKMARK [2][-]{subsection.5.1.2}{\376\377\000M\000o\000d\000u\000l\000y}{section.5.1}
\BOOKMARK [2][-]{subsection.5.1.3}{\376\377\000I\000m\000p\000l\000e\000m\000e\000n\000t\000o\000v\000a\000n\000\351\000\040\000m\000o\000d\000u\000l\000y}{section.5.1}
\BOOKMARK [2][-]{subsection.5.1.4}{\376\377\000L\000o\000g\000o\000v\000\341\000n\000\355}{section.5.1}
\BOOKMARK [1][-]{section.5.2}{\376\377\000K\000l\000i\000e\000n\000t\000s\000k\000\341\000\040\000k\000n\000i\000h\000o\000v\000n\000y}{chapter.5}
\BOOKMARK [2][-]{subsection.5.2.1}{\376\377\000A\000b\000s\000t\000r\000a\000k\000t\000n\000\355\000\040\000d\000a\000t\000o\000v\000\351\000\040\000t\000y\000p\000y}{section.5.2}
\BOOKMARK [2][-]{subsection.5.2.2}{\376\377\000K\000o\000m\000u\000n\000i\000k\000a\000c\000e\000\040\000s\000\040\000k\000l\000i\000e\000n\000t\000s\000k\000o\000u\000\040\000a\000p\000l\000i\000k\000a\000c\000\355}{section.5.2}
\BOOKMARK [2][-]{subsection.5.2.3}{\376\377\000K\000o\000m\000u\000n\000i\000k\000a\000c\000e\000\040\000s\000e\000\040\000s\000e\000r\000v\000e\000r\000e\000m}{section.5.2}
\BOOKMARK [1][-]{section.5.3}{\376\377\000K\000l\000i\000e\000n\000t\000s\000k\000\341\000\040\000a\000p\000l\000i\000k\000a\000c\000e}{chapter.5}
\BOOKMARK [2][-]{subsection.5.3.1}{\376\377\000H\000l\000a\000v\000n\000\355\000\040\000o\000k\000n\000o\000\040\000p\000r\000o\000g\000r\000a\000m\000u}{section.5.3}
\BOOKMARK [2][-]{subsection.5.3.2}{\376\377\000P\001\131\000i\000d\000\341\000n\000\355\000\040\000n\000o\000v\000\351\000h\000o\000\040\000z\000\341\000z\000n\000a\000m\000u\000\040\000a\000\040\000e\000d\000i\000t\000a\000c\000e}{section.5.3}
\BOOKMARK [2][-]{subsection.5.3.3}{\376\377\000Z\000o\000b\000r\000a\000z\000e\000n\000\355\000\040\000d\000o\000s\000t\000u\000p\000n\000\375\000c\000h\000\040\000m\000o\000d\000u\000l\001\157}{section.5.3}
\BOOKMARK [0][-]{chapter.6}{\376\377\000Z\000\341\000v\001\033\000r}{}
\BOOKMARK [1][-]{section.6.1}{\376\377\000M\000o\001\176\000n\000o\000s\000t\000i\000\040\000b\000u\000d\000o\000u\000c\000\355\000h\000o\000\040\000r\000o\000z\001\141\000\355\001\131\000e\000n\000\355}{chapter.6}
\BOOKMARK [2][-]{subsection.6.1.1}{\376\377\000P\000o\000d\000p\000o\000r\000a\000\040\000M\000y\000S\000Q\000L}{section.6.1}
\BOOKMARK [2][-]{subsection.6.1.2}{\376\377\000M\000o\000d\000u\000l\000y\000\040\000p\000r\000o\000\040\000t\000v\000o\000r\000b\000u\000\040\000s\000t\000a\000t\000i\000s\000t\000i\000k}{section.6.1}
