This is pdfTeXk, Version 3.141592-1.40.3 (Web2C 7.5.6) (format=pdflatex 2012.1.3)  16 APR 2012 15:25
entering extended mode
 %&-line parsing enabled.
**projekt
(./projekt.tex
LaTeX2e <2005/12/01>
Babel <v3.8h> and hyphenation patterns for english, usenglishmax, dumylang, noh
yphenation, arabic, basque, bulgarian, coptic, welsh, czech, slovak, german, ng
erman, danish, esperanto, spanish, catalan, galician, estonian, farsi, finnish,
 french, greek, monogreek, ancientgreek, croatian, hungarian, interlingua, ibyc
us, indonesian, icelandic, italian, latin, mongolian, dutch, norsk, polish, por
tuguese, pinyin, romanian, russian, slovenian, uppersorbian, serbian, swedish, 
turkish, ukenglish, ukrainian, loaded.
(./fitthesis.cls
Document Class: fitthesis 2007/04/13 Sablona pro BP/DP
(/usr/share/texmf/tex/latex/base/report.cls
Document Class: report 2005/09/16 v1.4f Standard LaTeX document class
(/usr/share/texmf/tex/latex/base/size11.clo
File: size11.clo 2005/09/16 v1.4f Standard LaTeX file (size option)
)
\c@part=\count79
\c@chapter=\count80
\c@section=\count81
\c@subsection=\count82
\c@subsubsection=\count83
\c@paragraph=\count84
\c@subparagraph=\count85
\c@figure=\count86
\c@table=\count87
\abovecaptionskip=\skip41
\belowcaptionskip=\skip42
\bibindent=\dimen102
)
(/usr/share/texmf/tex/latex/amsmath/amsmath.sty
Package: amsmath 2000/07/18 v2.13 AMS math features
\@mathmargin=\skip43

For additional information on amsmath, use the `?' option.
(/usr/share/texmf/tex/latex/amsmath/amstext.sty
Package: amstext 2000/06/29 v2.01

(/usr/share/texmf/tex/latex/amsmath/amsgen.sty
File: amsgen.sty 1999/11/30 v2.0
\@emptytoks=\toks14
\ex@=\dimen103
))
(/usr/share/texmf/tex/latex/amsmath/amsbsy.sty
Package: amsbsy 1999/11/29 v1.2d
\pmbraise@=\dimen104
)
(/usr/share/texmf/tex/latex/amsmath/amsopn.sty
Package: amsopn 1999/12/14 v2.01 operator names
)
\inf@bad=\count88
LaTeX Info: Redefining \frac on input line 211.
\uproot@=\count89
\leftroot@=\count90
LaTeX Info: Redefining \overline on input line 307.
\classnum@=\count91
\DOTSCASE@=\count92
LaTeX Info: Redefining \ldots on input line 379.
LaTeX Info: Redefining \dots on input line 382.
LaTeX Info: Redefining \cdots on input line 467.
\Mathstrutbox@=\box26
\strutbox@=\box27
\big@size=\dimen105
LaTeX Font Info:    Redeclaring font encoding OML on input line 567.
LaTeX Font Info:    Redeclaring font encoding OMS on input line 568.
\macc@depth=\count93
\c@MaxMatrixCols=\count94
\dotsspace@=\muskip10
\c@parentequation=\count95
\dspbrk@lvl=\count96
\tag@help=\toks15
\row@=\count97
\column@=\count98
\maxfields@=\count99
\andhelp@=\toks16
\eqnshift@=\dimen106
\alignsep@=\dimen107
\tagshift@=\dimen108
\tagwidth@=\dimen109
\totwidth@=\dimen110
\lineht@=\dimen111
\@envbody=\toks17
\multlinegap=\skip44
\multlinetaggap=\skip45
\mathdisplay@stack=\toks18
LaTeX Info: Redefining \[ on input line 2666.
LaTeX Info: Redefining \] on input line 2667.
)
(/usr/share/texmf/tex/latex/amsfonts/amssymb.sty
Package: amssymb 2002/01/22 v2.2d

(/usr/share/texmf/tex/latex/amsfonts/amsfonts.sty
Package: amsfonts 2001/10/25 v2.2f
\symAMSa=\mathgroup4
\symAMSb=\mathgroup5
LaTeX Font Info:    Overwriting math alphabet `\mathfrak' in version `bold'
(Font)                  U/euf/m/n --> U/euf/b/n on input line 132.
))
(/usr/share/texmf/tex/generic/babel/babel.sty
Package: babel 2005/11/23 v3.8h The Babel package

(/usr/share/texmf/tex/generic/babel/czech.ldf
Language: czech 2005/03/29 v1.3k Czech support from the babel system

(/usr/share/texmf/tex/generic/babel/babel.def
File: babel.def 2005/11/23 v3.8h Babel common definitions
\babel@savecnt=\count100
\U@D=\dimen112
))
(/usr/share/texmf/tex/generic/babel/english.ldf
Language: english 2005/03/30 v3.3o English support from the babel system
\l@british = a dialect from \language\l@english 
\l@UKenglish = a dialect from \language\l@english 
\l@canadian = a dialect from \language\l@american 
\l@australian = a dialect from \language\l@british 
\l@newzealand = a dialect from \language\l@british 
))
(/usr/share/texmf/tex/latex/base/inputenc.sty
Package: inputenc 2006/05/05 v1.1b Input encoding file
\inpenc@prehook=\toks19
\inpenc@posthook=\toks20

(/usr/share/texmf/tex/latex/base/latin2.def
File: latin2.def 2006/05/05 v1.1b Input encoding file
))
(/usr/share/texmf/tex/latex/graphics/graphicx.sty
Package: graphicx 1999/02/16 v1.0f Enhanced LaTeX Graphics (DPC,SPQR)

(/usr/share/texmf/tex/latex/graphics/keyval.sty
Package: keyval 1999/03/16 v1.13 key=value parser (DPC)
\KV@toks@=\toks21
)
(/usr/share/texmf/tex/latex/graphics/graphics.sty
Package: graphics 2006/02/20 v1.0o Standard LaTeX Graphics (DPC,SPQR)

(/usr/share/texmf/tex/latex/graphics/trig.sty
Package: trig 1999/03/16 v1.09 sin cos tan (DPC)
)
(/usr/share/texmf/tex/latex/config/graphics.cfg
File: graphics.cfg 2007/01/18 v1.5 graphics configuration of teTeX/TeXLive
)
Package graphics Info: Driver file: pdftex.def on input line 90.

(/usr/share/texmf/tex/latex/pdftex-def/pdftex.def
File: pdftex.def 2007/01/08 v0.04d Graphics/color for pdfTeX
\Gread@gobject=\count101
))
\Gin@req@height=\dimen113
\Gin@req@width=\dimen114
)
\mkspc=\skip46
)
(/usr/share/texmf/tex/latex/base/fontenc.sty
Package: fontenc 2005/09/27 v1.99g Standard LaTeX package

(/usr/share/texmf/tex/latex/base/t1enc.def
File: t1enc.def 2005/09/27 v1.99g Standard LaTeX file
LaTeX Font Info:    Redeclaring font encoding T1 on input line 43.
)
(/usr/share/texmf/tex/latex/cslatex/il2enc.def
File: il2enc.def 1997/08/20 CSLaTeX
)
LaTeX Font Info:    Try loading font information for IL2+cmr on input line 100.


(/usr/share/texmf/tex/latex/cslatex/il2cmr.fd
File: il2cmr.fd 1997/02/06 CSLaTeX font definitions
))
(/usr/share/texmf/tex/latex/ltxmisc/url.sty
\Urlmuskip=\muskip11
Package: url 2005/06/27  ver 3.2  Verb mode for urls, etc.
)
(/usr/share/texmf/tex/latex/graphics/color.sty
Package: color 2005/11/14 v1.0j Standard LaTeX Color (DPC)

(/usr/share/texmf/tex/latex/config/color.cfg
File: color.cfg 2007/01/18 v1.5 color configuration of teTeX/TeXLive
)
Package color Info: Driver file: pdftex.def on input line 130.
)
(/usr/share/texmf/tex/latex/hyperref/hyperref.sty
Package: hyperref 2007/02/07 v6.75r Hypertext links for LaTeX
\@linkdim=\dimen115
\Hy@linkcounter=\count102
\Hy@pagecounter=\count103

(/usr/share/texmf/tex/latex/hyperref/pd1enc.def
File: pd1enc.def 2007/02/07 v6.75r Hyperref: PDFDocEncoding definition (HO)
)
(/usr/share/texmf/tex/latex/config/hyperref.cfg
File: hyperref.cfg 2002/06/06 v1.2 hyperref configuration of TeXLive
)
(/usr/share/texmf/tex/latex/oberdiek/kvoptions.sty
Package: kvoptions 2006/08/22 v2.4 Connects package keyval with LaTeX options (
HO)
)
Package hyperref Info: Option `unicode' set `true' on input line 2238.

(/usr/share/texmf/tex/latex/hyperref/puenc.def
File: puenc.def 2007/02/07 v6.75r Hyperref: PDF Unicode definition (HO)
)
Package hyperref Info: Option `colorlinks' set `true' on input line 2238.
Package hyperref Info: Option `hyperindex' set `true' on input line 2238.
Package hyperref Info: Option `plainpages' set `false' on input line 2238.
Package hyperref Info: Hyper figures OFF on input line 2288.
Package hyperref Info: Link nesting OFF on input line 2293.
Package hyperref Info: Hyper index ON on input line 2296.
Package hyperref Info: Plain pages OFF on input line 2303.
Package hyperref Info: Backreferencing OFF on input line 2308.

Implicit mode ON; LaTeX internals redefined
Package hyperref Info: Bookmarks ON on input line 2444.
LaTeX Info: Redefining \url on input line 2599.
\Fld@menulength=\count104
\Field@Width=\dimen116
\Fld@charsize=\dimen117
\Choice@toks=\toks22
\Field@toks=\toks23
Package hyperref Info: Hyper figures OFF on input line 3102.
Package hyperref Info: Link nesting OFF on input line 3107.
Package hyperref Info: Hyper index ON on input line 3110.
Package hyperref Info: backreferencing OFF on input line 3117.
Package hyperref Info: Link coloring ON on input line 3120.
\Hy@abspage=\count105
\c@Item=\count106
\c@Hfootnote=\count107
)
*hyperref using driver hpdftex*
(/usr/share/texmf/tex/latex/hyperref/hpdftex.def
File: hpdftex.def 2007/02/07 v6.75r Hyperref driver for pdfTeX
\Fld@listcount=\count108
) (./projekt.aux

LaTeX Warning: Label `fig:FigureExample' multiply defined.


LaTeX Warning: Label `fig:FigureExample' multiply defined.


LaTeX Warning: Label `fig:FigureExample' multiply defined.


LaTeX Warning: Label `fig:FigureExample' multiply defined.


LaTeX Warning: Label `fig:FigureExample' multiply defined.


LaTeX Warning: Label `fig:FigureExample' multiply defined.


LaTeX Warning: Label `fig:FigureExample' multiply defined.


LaTeX Warning: Label `fig:FigureExample' multiply defined.


LaTeX Warning: Label `fig:FigureExample' multiply defined.


LaTeX Warning: Label `fig:FigureExample' multiply defined.


LaTeX Warning: Label `fig:FigureExample' multiply defined.


LaTeX Warning: Label `fig:FigureExample' multiply defined.


LaTeX Warning: Label `fig:FigureExample' multiply defined.


LaTeX Warning: Label `fig:FigureExample' multiply defined.


LaTeX Warning: Label `fig:FigureExample' multiply defined.


LaTeX Warning: Label `fig:FigureExample' multiply defined.

)
\openout1 = `projekt.aux'.

LaTeX Font Info:    Checking defaults for OML/cmm/m/it on input line 113.
LaTeX Font Info:    ... okay on input line 113.
LaTeX Font Info:    Checking defaults for T1/cmr/m/n on input line 113.
LaTeX Font Info:    ... okay on input line 113.
LaTeX Font Info:    Checking defaults for OT1/cmr/m/n on input line 113.
LaTeX Font Info:    ... okay on input line 113.
LaTeX Font Info:    Checking defaults for OMS/cmsy/m/n on input line 113.
LaTeX Font Info:    ... okay on input line 113.
LaTeX Font Info:    Checking defaults for OMX/cmex/m/n on input line 113.
LaTeX Font Info:    ... okay on input line 113.
LaTeX Font Info:    Checking defaults for U/cmr/m/n on input line 113.
LaTeX Font Info:    ... okay on input line 113.
LaTeX Font Info:    Checking defaults for IL2/cmr/m/n on input line 113.
LaTeX Font Info:    ... okay on input line 113.
LaTeX Font Info:    Checking defaults for PD1/pdf/m/n on input line 113.
LaTeX Font Info:    ... okay on input line 113.
LaTeX Font Info:    Checking defaults for PU/pdf/m/n on input line 113.
LaTeX Font Info:    ... okay on input line 113.
Package hyperref Info: Link coloring ON on input line 113.
 (/usr/share/texmf/tex/latex/hyperref/nameref.sty
Package: nameref 2006/12/27 v2.28 Cross-referencing by name of section

(/usr/share/texmf/tex/latex/oberdiek/refcount.sty
Package: refcount 2006/02/20 v3.0 Data extraction from references (HO)
)
\c@section@level=\count109
)
LaTeX Info: Redefining \ref on input line 113.
LaTeX Info: Redefining \pageref on input line 113.
 (./projekt.out)
(./projekt.out)
\@outlinefile=\write3
\openout3 = `projekt.out'.

LaTeX Font Info:    Try loading font information for IL2+phv on input line 119.

 (/usr/share/texmf/tex/cslatex/base/il2phv.fd
File: il2phv.fd 1998/12/27 CS Helvetica
LaTeX Font Info:     CS Helvetica on input line 2.
LaTeX Font Info:    (C) Z. Wagner,1998/12/27 on input line 3.
LaTeX Font Info:    Created by CsPsFont utility v.1.0f (C) Z. Wagner, 1998/12/2
7 on input line 4.
) [1

{/usr/share/texmf/fonts/map/pdftex/updmap/pdftex.map}]
\@obrlogo=\box28
\@rtext=\box29
\@vyskartext=\skip47
\@vyskaobr=\skip48

<fig/vut-zp2.pdf, id=189, 109.40875pt x 109.40875pt>
File: fig/vut-zp2.pdf Graphic file (type pdf)
 <use fig/vut-zp2.pdf>
Overfull \hbox (109.58464pt too wide) in paragraph at lines 119--119
[][] 
 []

<fig/fit-zp2.pdf, id=190, 120.45pt x 120.45pt>
File: fig/fit-zp2.pdf Graphic file (type pdf)
 <use fig/fit-zp2.pdf>
Overfull \hbox (109.58464pt too wide) in paragraph at lines 119--119
[][] 
 []

[2 <./fig/vut-zp2.pdf> <./fig/fit-zp2.pdf>]

LaTeX Font Warning: Font shape `IL2/cmr/m/n' in size <16> not available
(Font)              size <17.28> substituted on input line 119.


LaTeX Font Warning: Font shape `IL2/cmr/bx/n' in size <16> not available
(Font)              size <17.28> substituted on input line 119.

[3]

LaTeX Font Warning: Font shape `IL2/cmr/m/n' in size <18> not available
(Font)              size <17.28> substituted on input line 119.


LaTeX Font Warning: Font shape `IL2/cmr/bx/n' in size <18> not available
(Font)              size <17.28> substituted on input line 119.

LaTeX Font Info:    Try loading font information for OMS+cmr on input line 119.

(/usr/share/texmf/tex/latex/base/omscmr.fd
File: omscmr.fd 1999/05/25 v2.5h Standard LaTeX font definitions
)
LaTeX Font Info:    Font shape `OMS/cmr/m/n' in size <10.95> not available
(Font)              Font shape `OMS/cmsy/m/n' tried instead on input line 119.
 [4] (./projekt.toc
LaTeX Font Info:    Try loading font information for U+msa on input line 4.

(/usr/share/texmf/tex/latex/amsfonts/umsa.fd
File: umsa.fd 2002/01/19 v2.2g AMS font definitions
)
LaTeX Font Info:    Try loading font information for U+msb on input line 4.

(/usr/share/texmf/tex/latex/amsfonts/umsb.fd
File: umsb.fd 2002/01/19 v2.2g AMS font definitions
)pdfTeX warning (ext4): destination with the same identifier (name{page.1}) has
 been already used, duplicate ignored
<to be read again> 
                   \relax 
l.63 ...unikace se serverem}{27}{subsection.5.2.3}
                                                   [1


])
\tf@toc=\write4
\openout4 = `projekt.toc'.

 (./obsah.texpdfTeX warning (ext4): destination with the same identifier (name{
page.2}) has been already used, duplicate ignored
<to be read again> 
                   \relax 
l.1 \chapter
            {Úvod} [2]
Kapitola 1.

LaTeX Warning: Reference `zaver' on page 3 undefined on input line 18.

pdfTeX warning (ext4): destination with the same identifier (name{page.3}) has 
been already used, duplicate ignored
<to be read again> 
                   \relax 
l.21 \chapter
             {Radioamatéøi} [3

]
Kapitola 2.
pdfTeX warning (ext4): destination with the same identifier (name{page.4}) has 
been already used, duplicate ignored
<to be read again> 
                   \relax 
l.59 
      [4

] [5] <fig/itu-zone.png, id=303, 1075.01625pt x 537.00626pt>
File: fig/itu-zone.png Graphic file (type png)

<use fig/itu-zone.png> <fig/cq-zone.png, id=304, 1075.01625pt x 537.00626pt>
File: fig/cq-zone.png Graphic file (type png)

<use fig/cq-zone.png>

LaTeX Warning: `h' float specifier changed to `ht'.

<fig/QTH_locator.png, id=305, 562.1pt x 336.25626pt>
File: fig/QTH_locator.png Graphic file (type png)
 <use fig/QTH_locator.png>

LaTeX Warning: `h' float specifier changed to `ht'.

[6 <./fig/itu-zone.png (PNG copy)>] [7 <./fig/cq-zone.png (PNG copy)>] [8 <./fi
g/QTH_locator.png (PNG copy)>]
Kapitola 3.
<fig/logger32.jpg, id=322, 1275.76625pt x 769.87625pt>
File: fig/logger32.jpg Graphic file (type jpg)
 <use fig/logger32.jpg>
[9

 <./fig/logger32.jpg>] <fig/cqrlog.png, id=329, 831.105pt x 697.60625pt>
File: fig/cqrlog.png Graphic file (type png)

<use fig/cqrlog.png> [10 <./fig/cqrlog.png>]
<fig/hrd.jpg, id=336, 1156.32pt x 807.015pt>
File: fig/hrd.jpg Graphic file (type jpg)
 <use fig/hrd.jpg> [11 <./fig/hrd.jpg>]
Kapitola 4.
<fig/princip.pdf, id=342, 598.235pt x 845.1575pt>
File: fig/princip.pdf Graphic file (type pdf)
 <use fig/princip.pdf>

LaTeX Warning: `h' float specifier changed to `ht'.

[12

] [13 <./fig/princip.pdf>]
LaTeX Font Info:    Try loading font information for IL2+cmtt on input line 299
.
 (/usr/share/texmf/tex/latex/cslatex/il2cmtt.fd
File: il2cmtt.fd 1997/08/20 CSLaTeX font definitions
)
[14]
Overfull \hbox (475.81087pt too wide) in paragraph at lines 357--357
[]\IL2/cmtt/m/n/10.95 WWW-Authenticate: Digest realm=[]realm@hamlog[],qop=[]aut
h,auth-int[],nonce=[]dcd98b7102dd2f0e8b11d0f600bfb0c093[],opaque=[]5ccc069c403e
baf9f0171e9517f40e41[][] 
 []


Overfull \hbox (855.22426pt too wide) in paragraph at lines 364--364
[]\IL2/cmtt/m/n/10.95 Authorization: Digest username=[]ok2jrq[],realm=[]realm@h
amlog[],nonce=[]dcd98b7102dd2f0e8b11d0f600bfb0c093[],uri=[]/login[],qop=auth,re
sponse=[]d197141dc972c02d71e6a73b3396ed53[],opaque=[]5ccc069c403ebaf9f0171e9517
f40e41[])[] 
 []

<fig/navrh_moduly.pdf, id=401, 598.235pt x 845.1575pt>
File: fig/navrh_moduly.pdf Graphic file (type pdf)

<use fig/navrh_moduly.pdf>

LaTeX Warning: `h' float specifier changed to `ht'.

[15] [16 <./fig/navrh_moduly.pdf>]
<fig/navrh_databaze.pdf, id=448, 598.235pt x 845.1575pt>
File: fig/navrh_databaze.pdf Graphic file (type pdf)

<use fig/navrh_databaze.pdf> [17 <./fig/navrh_databaze.pdf>] [18] [19]
Kapitola 5.
[20

] <fig/imp_databaze.pdf, id=490, 598.235pt x 845.1575pt>
File: fig/imp_databaze.pdf Graphic file (type pdf)

<use fig/imp_databaze.pdf> [21 <./fig/imp_databaze.pdf>]
<fig/moduly.pdf, id=518, 598.235pt x 845.1575pt>
File: fig/moduly.pdf Graphic file (type pdf)
 <use fig/moduly.pdf> [22 <./fig/moduly.pdf>]
Overfull \hbox (4.02713pt too wide) in paragraph at lines 690--695
\IL2/cmr/m/n/10.95 Modul DXClus-ter (bì¾ící na URI []/dxcluster[]) slou¾í k pøi
-po-jení k DXClus-teru dxspots.com.
 []

[23] [24] <fig/list.pdf, id=607, 598.235pt x 845.1575pt>
File: fig/list.pdf Graphic file (type pdf)
 <use fig/list.pdf>
[25 <./fig/list.pdf>] <fig/hash.pdf, id=652, 598.235pt x 845.1575pt>
File: fig/hash.pdf Graphic file (type pdf)

<use fig/hash.pdf> [26 <./fig/hash.pdf>]
Overfull \hbox (4.68848pt too wide) in paragraph at lines 858--862
[]\IL2/cmr/m/n/10.95 Klientské apli-kaci je umo¾-nìno funkcí ham[]signals[]regi
ster[]handler() za-re-gis-tro-vat funkci,
 []


Overfull \hbox (6.06024pt too wide) in paragraph at lines 872--876
\IL2/cmr/m/n/10.95 funkce vy-tvoøí nový so-ket pro pøi-po-jení k ser-veru a po-
mocí funkce ham[]eventloop[]input[]add()
 []

[27] <fig/ham3.png, id=698, 639.13782pt x 438.13687pt>
File: fig/ham3.png Graphic file (type png)
 <use fig/ham3.png>
Overfull \hbox (14.91162pt too wide) in paragraph at lines 895--896
 [][] 
 []


LaTeX Warning: `h' float specifier changed to `ht'.

<fig/ham5.png, id=699, 465.99094pt x 199.49532pt>
File: fig/ham5.png Graphic file (type png)
 <use fig/ham5.png> [28]

LaTeX Warning: `h' float specifier changed to `ht'.

<fig/ham4.png, id=709, 473.51906pt x 336.50719pt>
File: fig/ham4.png Graphic file (type png)
 <use fig/ham4.png> [29 <./fig/ham3.png>]

LaTeX Warning: `h' float specifier changed to `ht'.

<fig/ham6.png, id=717, 359.84438pt x 217.5628pt>
File: fig/ham6.png Graphic file (type png)
 <use fig/ham6.png>

LaTeX Warning: `h' float specifier changed to `ht'.

[30 <./fig/ham5.png>] [31 <./fig/ham4.png> <./fig/ham6.png>]
Kapitola 6.

Overfull \hbox (8.89331pt too wide) in paragraph at lines 1001--1003
[]\IL2/cmr/m/n/10.95 Výstupem im-ple-men-tace jsou tøi od-dìlené pro-jekty (ser
-ve-rová apli-kace, kli-ent-ská knihovna
 []

[32

]) (./projekt.bbl [33]) (./prilohy.tex) [34

] (./projekt.aux)

LaTeX Font Warning: Size substitutions with differences
(Font)              up to 1.28pt have occurred.


LaTeX Warning: There were undefined references.


LaTeX Warning: There were multiply-defined labels.

 ) 
Here is how much of TeX's memory you used:
 5325 strings out of 256216
 66443 string characters out of 1917073
 125276 words of memory out of 1500000
 8361 multiletter control sequences out of 10000+200000
 20591 words of font info for 57 fonts, out of 1200000 for 2000
 645 hyphenation exceptions out of 8191
 34i,7n,36p,290b,440s stack positions out of 5000i,500n,6000p,200000b,15000s
{/usr/share/texmf/fonts/enc/dvips/base/8a.enc}</usr/share/texmf/fonts/type1/b
luesky/cm/cmsy10.pfb></usr/share/texmf/fonts/type1/bluesky/cm/cmsy8.pfb></usr/s
hare/texmf/fonts/type1/public/cs/csbx10.pfb></usr/share/texmf/fonts/type1/publi
c/cs/csbx12.pfb></usr/share/texmf/fonts/type1/public/cs/csr10.pfb></usr/share/t
exmf/fonts/type1/public/cs/csti10.pfb></usr/share/texmf/fonts/type1/public/cs/c
stt10.pfb></usr/share/texmf/fonts/type1/urw/helvetic/uhvr8a.pfb>
Output written on projekt.pdf (38 pages, 1779062 bytes).
PDF statistics:
 812 PDF objects out of 1000 (max. 8388607)
 142 named destinations out of 1000 (max. 131072)
 464 words of extra memory for PDF output out of 10000 (max. 10000000)

